{"/Users/maxgerber/Documents/fac/fac-latest/jaam-todo-list/test.js":{"path":"/Users/maxgerber/Documents/fac/fac-latest/jaam-todo-list/test.js","s":{"1":1,"2":1,"3":1,"4":1,"5":1},"b":{},"f":{"1":1},"fnMap":{"1":{"name":"(anonymous_1)","line":4,"loc":{"start":{"line":4,"column":21},"end":{"line":4,"column":33}}}},"statementMap":{"1":{"start":{"line":1,"column":0},"end":{"line":1,"column":27}},"2":{"start":{"line":2,"column":0},"end":{"line":2,"column":31}},"3":{"start":{"line":4,"column":0},"end":{"line":7,"column":3}},"4":{"start":{"line":5,"column":2},"end":{"line":5,"column":11}},"5":{"start":{"line":6,"column":2},"end":{"line":6,"column":10}}},"branchMap":{}},"/Users/maxgerber/Documents/fac/fac-latest/jaam-todo-list/logic.js":{"path":"/Users/maxgerber/Documents/fac/fac-latest/jaam-todo-list/logic.js","s":{"1":1,"2":1,"3":1,"4":0,"5":1},"b":{},"f":{"1":1,"2":0,"3":0,"4":0,"5":0,"6":0},"fnMap":{"1":{"name":"(anonymous_1)","line":8,"loc":{"start":{"line":8,"column":15},"end":{"line":8,"column":26}}},"2":{"name":"incrementCounter","line":11,"loc":{"start":{"line":11,"column":4},"end":{"line":11,"column":32}}},"3":{"name":"(anonymous_3)","line":17,"loc":{"start":{"line":17,"column":11},"end":{"line":17,"column":36}}},"4":{"name":"(anonymous_4)","line":23,"loc":{"start":{"line":23,"column":14},"end":{"line":23,"column":42}}},"5":{"name":"(anonymous_5)","line":28,"loc":{"start":{"line":28,"column":12},"end":{"line":28,"column":38}}},"6":{"name":"(anonymous_6)","line":34,"loc":{"start":{"line":34,"column":13},"end":{"line":34,"column":43}}}},"statementMap":{"1":{"start":{"line":5,"column":0},"end":{"line":40,"column":2}},"2":{"start":{"line":9,"column":4},"end":{"line":9,"column":22}},"3":{"start":{"line":11,"column":4},"end":{"line":13,"column":5}},"4":{"start":{"line":12,"column":6},"end":{"line":12,"column":30}},"5":{"start":{"line":15,"column":4},"end":{"line":15,"column":28}}},"branchMap":{}}}