TN:
SF:/Users/maxgerber/Documents/fac/fac-latest/jaam-todo-list/test.js
FN:4,(anonymous_1)
FNF:1
FNH:1
FNDA:1,(anonymous_1)
DA:1,1
DA:2,1
DA:4,1
DA:5,1
DA:6,1
LF:5
LH:5
BRF:0
BRH:0
end_of_record
TN:
SF:/Users/maxgerber/Documents/fac/fac-latest/jaam-todo-list/logic.js
FN:8,(anonymous_1)
FN:11,incrementCounter
FN:17,(anonymous_3)
FN:23,(anonymous_4)
FN:28,(anonymous_5)
FN:34,(anonymous_6)
FNF:6
FNH:1
FNDA:1,(anonymous_1)
FNDA:0,incrementCounter
FNDA:0,(anonymous_3)
FNDA:0,(anonymous_4)
FNDA:0,(anonymous_5)
FNDA:0,(anonymous_6)
DA:5,1
DA:9,1
DA:11,1
DA:12,0
DA:15,1
LF:5
LH:4
BRF:0
BRH:0
end_of_record
